<?xml version="1.0" encoding="UTF-8"?>
<testsuite xmlns:xsi="http://www.w3.org/2001/XMLSchema-instance" xsi:noNamespaceSchemaLocation="https://maven.apache.org/surefire/maven-surefire-plugin/xsd/surefire-test-report.xsd" name="TestSuite" time="104.683" tests="33" errors="0" skipped="0" failures="0">
  <properties>
[...]
</properties>
  <testcase name="verifyLoginPageTitleTest" classname="com.qa.hubspot.tests.LoginPageTest" time="0.44"/>
  <testcase name="verifyLoginPageTitleTest" classname="com.qa.hubspot.tests.LoginPageTest" time="0.265"/>
  <testcase name="verifyLoginPageTitleTest" classname="com.qa.hubspot.tests.LoginPageTest" time="0.259"/>
  <testcase name="verifyForgotPwdLinkTest" classname="com.qa.hubspot.tests.LoginPageTest" time="2.115"/>
  <testcase name="verifyForgotPwdLinkTest" classname="com.qa.hubspot.tests.LoginPageTest" time="1.723"/>
  <testcase name="verifyForgotPwdLinkTest" classname="com.qa.hubspot.tests.LoginPageTest" time="1.195"/>
  <testcase name="loginTest" classname="com.qa.hubspot.tests.LoginPageTest" time="1.64"/>
  <testcase name="loginTest" classname="com.qa.hubspot.tests.LoginPageTest" time="0.193"/>
  <testcase name="loginTest" classname="com.qa.hubspot.tests.LoginPageTest" time="2.342"/>
  <testcase name="verifyAccountsPageHeaderTest" classname="com.qa.hubspot.tests.AccountsPageTest" time="0.175"/>
  <testcase name="verifyAccountsPageHeaderTest" classname="com.qa.hubspot.tests.AccountsPageTest" time="3.114"/>
  <testcase name="verifyAccountsPageHeaderTest" classname="com.qa.hubspot.tests.AccountsPageTest" time="0.11"/>
  <testcase name="accountsPageTitleTest" classname="com.qa.hubspot.tests.AccountsPageTest" time="0.031"/>
  <testcase name="accountsPageTitleTest" classname="com.qa.hubspot.tests.AccountsPageTest" time="0.028"/>
  <testcase name="accountsPageTitleTest" classname="com.qa.hubspot.tests.AccountsPageTest" time="0.035"/>
  <testcase name="verifyMyAccountSectionsCountTest" classname="com.qa.hubspot.tests.AccountsPageTest" time="0.047"/>
  <testcase name="verifyMyAccountSectionsCountTest" classname="com.qa.hubspot.tests.AccountsPageTest" time="0.036"/>
  <testcase name="verifyMyAccountSectionsCountTest" classname="com.qa.hubspot.tests.AccountsPageTest" time="0.063"/>
  <testcase name="verifyMyAccountSectionsListTest" classname="com.qa.hubspot.tests.AccountsPageTest" time="0.304"/>
  <testcase name="verifyMyAccountSectionsListTest" classname="com.qa.hubspot.tests.AccountsPageTest" time="0.261"/>
  <testcase name="verifyMyAccountSectionsListTest" classname="com.qa.hubspot.tests.AccountsPageTest" time="0.119"/>
  <testcase name="searchTest" classname="com.qa.hubspot.tests.AccountsPageTest" time="3.466"/>
  <testcase name="searchTest" classname="com.qa.hubspot.tests.AccountsPageTest" time="6.762"/>
  <testcase name="searchTest" classname="com.qa.hubspot.tests.AccountsPageTest" time="6.944"/>
  <testcase name="ProductInforPageTitleTest_iMac" classname="com.qa.hubspot.tests.ProductInfoTest" time="8.001"/>
  <testcase name="ProductInforPageTitleTest_iMac" classname="com.qa.hubspot.tests.ProductInfoTest" time="0.476"/>
  <testcase name="ProductInforPageTitleTest_iMac" classname="com.qa.hubspot.tests.ProductInfoTest" time="0.961"/>
  <testcase name="verifyProductInfoTest_MacBook" classname="com.qa.hubspot.tests.ProductInfoTest" time="9.012"/>
  <testcase name="verifyProductInfoTest_MacBook" classname="com.qa.hubspot.tests.ProductInfoTest" time="0.313"/>
  <testcase name="verifyProductInfoTest_MacBook" classname="com.qa.hubspot.tests.ProductInfoTest" time="0.467"/>
  <testcase name="verifyProductInfoTest_iMac" classname="com.qa.hubspot.tests.ProductInfoTest" time="9.15"/>
  <testcase name="verifyProductInfoTest_iMac" classname="com.qa.hubspot.tests.ProductInfoTest" time="9.667"/>
  <testcase name="verifyProductInfoTest_iMac" classname="com.qa.hubspot.tests.ProductInfoTest" time="10.036"/>
</testsuite>