<?xml version="1.0" encoding="UTF-8"?>
<!-- Generated by org.testng.reporters.JUnitXMLReporter -->
<testsuite hostname="naveenautomationlabss-MacBook-Pro.local" ignored="0" name="AccountsPage Test_FF_80" tests="5" failures="0" timestamp="08 Dec 2020 03:38:48 GMT" time="52.781" errors="0">
  <testcase name="verifyAccountsPageHeaderTest" time="4.237" classname="com.qa.hubspot.tests.AccountsPageTest"/>
  <testcase name="accountsPageTitleTest" time="0.028" classname="com.qa.hubspot.tests.AccountsPageTest"/>
  <testcase name="verifyMyAccountSectionsCountTest" time="0.036" classname="com.qa.hubspot.tests.AccountsPageTest"/>
  <testcase name="verifyMyAccountSectionsListTest" time="0.474" classname="com.qa.hubspot.tests.AccountsPageTest"/>
  <testcase name="searchTest" time="7.066" classname="com.qa.hubspot.tests.AccountsPageTest"/>
</testsuite> <!-- AccountsPage Test_FF_80 -->
