<?xml version="1.0" encoding="UTF-8"?>
<!-- Generated by org.testng.reporters.JUnitXMLReporter -->
<testsuite hostname="naveenautomationlabss-MacBook-Pro.local" ignored="0" name="AccountsPage Test_FF_57" tests="5" failures="0" timestamp="08 Dec 2020 03:38:42 GMT" time="47.073" errors="0">
  <testcase name="verifyAccountsPageHeaderTest" time="3.914" classname="com.qa.hubspot.tests.AccountsPageTest"/>
  <testcase name="accountsPageTitleTest" time="0.031" classname="com.qa.hubspot.tests.AccountsPageTest"/>
  <testcase name="verifyMyAccountSectionsCountTest" time="0.047" classname="com.qa.hubspot.tests.AccountsPageTest"/>
  <testcase name="verifyMyAccountSectionsListTest" time="0.303" classname="com.qa.hubspot.tests.AccountsPageTest"/>
  <testcase name="searchTest" time="7.252" classname="com.qa.hubspot.tests.AccountsPageTest"/>
</testsuite> <!-- AccountsPage Test_FF_57 -->
