<?xml version="1.0" encoding="UTF-8"?>
<!-- Generated by org.testng.reporters.JUnitXMLReporter -->
<testsuite hostname="naveenautomationlabss-MacBook-Pro.local" ignored="0" name="AccountsPage Test" tests="5" failures="0" timestamp="04 Dec 2020 06:57:02 GMT" time="26.267" errors="0">
  <testcase name="verifyAccountsPageHeaderTest" time="3.125" classname="com.qa.hubspot.tests.AccountsPageTest"/>
  <testcase name="accountsPageTitleTest" time="0.036" classname="com.qa.hubspot.tests.AccountsPageTest"/>
  <testcase name="verifyMyAccountSectionsCountTest" time="0.05" classname="com.qa.hubspot.tests.AccountsPageTest"/>
  <testcase name="verifyMyAccountSectionsListTest" time="0.312" classname="com.qa.hubspot.tests.AccountsPageTest"/>
  <testcase name="searchTest" time="6.261" classname="com.qa.hubspot.tests.AccountsPageTest"/>
</testsuite> <!-- AccountsPage Test -->
