<?xml version="1.0" encoding="UTF-8"?>
<!-- Generated by org.testng.reporters.JUnitXMLReporter -->
<testsuite hostname="naveenautomationlabss-MacBook-Pro.local" ignored="0" name="LoginPage Test" tests="3" failures="0" timestamp="04 Dec 2020 06:56:57 GMT" time="21.266" errors="0">
  <testcase name="verifyLoginPageTitleTest" time="0.202" classname="com.qa.hubspot.tests.LoginPageTest"/>
  <testcase name="verifyForgotPwdLinkTest" time="1.664" classname="com.qa.hubspot.tests.LoginPageTest"/>
  <testcase name="loginTest" time="9.251" classname="com.qa.hubspot.tests.LoginPageTest"/>
</testsuite> <!-- LoginPage Test -->
