<?xml version="1.0" encoding="UTF-8"?>
<!-- Generated by org.testng.reporters.JUnitXMLReporter -->
<testsuite hostname="naveenautomationlabss-MacBook-Pro.local" ignored="0" name="LoginPage Test_FF_83" tests="3" failures="0" timestamp="08 Dec 2020 03:38:38 GMT" time="42.638" errors="0">
  <testcase name="verifyLoginPageTitleTest" time="0.265" classname="com.qa.hubspot.tests.LoginPageTest"/>
  <testcase name="verifyForgotPwdLinkTest" time="2.967" classname="com.qa.hubspot.tests.LoginPageTest"/>
  <testcase name="loginTest" time="13.041" classname="com.qa.hubspot.tests.LoginPageTest"/>
</testsuite> <!-- LoginPage Test_FF_83 -->
