<?xml version="1.0" encoding="UTF-8"?>
<!-- Generated by org.testng.reporters.JUnitXMLReporter -->
<testsuite hostname="naveenautomationlabss-MacBook-Pro.local" ignored="0" name="ProductInfoPage Test_FF_80" tests="3" failures="0" timestamp="08 Dec 2020 03:39:38 GMT" time="61.982" errors="0">
  <testcase name="ProductInforPageTitleTest_iMac" time="10.473" classname="com.qa.hubspot.tests.ProductInfoTest"/>
  <testcase name="verifyProductInfoTest_MacBook" time="10.289" classname="com.qa.hubspot.tests.ProductInfoTest"/>
  <testcase name="verifyProductInfoTest_iMac" time="10.135" classname="com.qa.hubspot.tests.ProductInfoTest"/>
</testsuite> <!-- ProductInfoPage Test_FF_80 -->
