<?xml version="1.0" encoding="UTF-8"?>
<!-- Generated by org.testng.reporters.JUnitXMLReporter -->
<testsuite hostname="naveenautomationlabss-MacBook-Pro.local" ignored="0" name="ProductInfoPage Test_FF_57" tests="3" failures="0" timestamp="08 Dec 2020 03:39:37 GMT" time="55.115" errors="0">
  <testcase name="ProductInforPageTitleTest_iMac" time="9.442" classname="com.qa.hubspot.tests.ProductInfoTest"/>
  <testcase name="verifyProductInfoTest_MacBook" time="9.795" classname="com.qa.hubspot.tests.ProductInfoTest"/>
  <testcase name="verifyProductInfoTest_iMac" time="10.036" classname="com.qa.hubspot.tests.ProductInfoTest"/>
</testsuite> <!-- ProductInfoPage Test_FF_57 -->
