<?xml version="1.0" encoding="UTF-8"?>
<!-- Generated by org.testng.reporters.JUnitXMLReporter -->
<testsuite hostname="naveenautomationlabss-MacBook-Pro.local" ignored="0" name="ProductInfoPage Test" tests="3" failures="0" timestamp="04 Dec 2020 06:57:21 GMT" time="44.69" errors="0">
  <testcase name="ProductInforPageTitleTest_iMac" time="8.809" classname="com.qa.hubspot.tests.ProductInfoTest"/>
  <testcase name="verifyProductInfoTest_MacBook" time="9.728" classname="com.qa.hubspot.tests.ProductInfoTest"/>
  <testcase name="verifyProductInfoTest_iMac" time="9.859" classname="com.qa.hubspot.tests.ProductInfoTest"/>
</testsuite> <!-- ProductInfoPage Test -->
